<?xml version="1.0" encoding="UTF-8"?>
<testng-results ignored="0" total="1" passed="1" failed="0" skipped="0">
  <reporter-output>
  </reporter-output>
  <suite started-at="2022-11-27T13:09:05 IST" name="Default suite" finished-at="2022-11-27T13:09:45 IST" duration-ms="39225">
    <groups>
    </groups>
    <test started-at="2022-11-27T13:09:05 IST" name="Default test" finished-at="2022-11-27T13:09:45 IST" duration-ms="39225">
      <class name="com.test.odoo.TestOdoo">
        <test-method is-config="true" signature="launchURL()[pri:0, instance:com.test.odoo.TestOdoo@1de5f259]" started-at="2022-11-27T13:09:05 IST" name="launchURL" finished-at="2022-11-27T13:09:18 IST" duration-ms="12314" status="PASS">
          <reporter-output>
          </reporter-output>
        </test-method> <!-- launchURL -->
        <test-method signature="test()[pri:0, instance:com.test.odoo.TestOdoo@1de5f259]" started-at="2022-11-27T13:09:18 IST" name="test" finished-at="2022-11-27T13:09:44 IST" duration-ms="26763" status="PASS">
          <reporter-output>
          </reporter-output>
        </test-method> <!-- test -->
        <test-method is-config="true" signature="tearDown()[pri:0, instance:com.test.odoo.TestOdoo@1de5f259]" started-at="2022-11-27T13:09:44 IST" name="tearDown" finished-at="2022-11-27T13:09:45 IST" duration-ms="118" status="PASS">
          <reporter-output>
          </reporter-output>
        </test-method> <!-- tearDown -->
      </class> <!-- com.test.odoo.TestOdoo -->
    </test> <!-- Default test -->
  </suite> <!-- Default suite -->
</testng-results>
